<?xml version="1.0" encoding="UTF-8"?>
<!-- Generated by org.testng.reporters.JUnitReportReporter -->
<testsuite hostname="QT-INBG-LT0897" failures="0" tests="5" name="Module1.Store_402" time="69.045" errors="0" timestamp="18 Jun 2021 08:10:40 GMT">
  <testcase classname="Module1.Store_402" name="loginCheck" time="14.261"/>
  <testcase classname="Module1.Store_402" name="loginCheck" time="13.497"/>
  <testcase classname="Module1.Store_402" name="loginCheck" time="19.317"/>
  <testcase classname="Module1.Store_402" name="loginCheck" time="10.275"/>
  <testcase classname="Module1.Store_402" name="loginCheck" time="11.695"/>
</testsuite> <!-- Module1.Store_402 -->
