<?xml version="1.0" encoding="UTF-8"?>
<!-- Generated by org.testng.reporters.JUnitReportReporter -->
<testsuite hostname="ABDULs-MacBook-Pro.local" failures="0" tests="7" name="Module3.SendKudosRecentContacts" time="177.645" errors="0" timestamp="2021-03-26T03:33:38 IST" skipped="0">
  <testcase classname="Module3.SendKudosRecentContacts" name="sendkudosrecentcontacts" time="25.355"/>
  <system-out/>
  <testcase classname="Module3.SendKudosRecentContacts" name="sendkudosrecentcontacts" time="25.369"/>
  <system-out/>
  <testcase classname="Module3.SendKudosRecentContacts" name="sendkudosrecentcontacts" time="25.406"/>
  <system-out/>
  <testcase classname="Module3.SendKudosRecentContacts" name="sendkudosrecentcontacts" time="25.368"/>
  <system-out/>
  <testcase classname="Module3.SendKudosRecentContacts" name="sendkudosrecentcontacts" time="25.359"/>
  <system-out/>
  <testcase classname="Module3.SendKudosRecentContacts" name="sendkudosrecentcontacts" time="25.382"/>
  <system-out/>
  <testcase classname="Module3.SendKudosRecentContacts" name="sendkudosrecentcontacts" time="25.406"/>
  <system-out/>
</testsuite> <!-- Module3.SendKudosRecentContacts -->
