<?xml version="1.0" encoding="UTF-8"?>
<!-- Generated by org.testng.reporters.JUnitReportReporter -->
<testsuite hostname="QT-INBG-LT0897" failures="0" tests="1" name="Module2.CheckTitle" time="5.160" errors="0" timestamp="4 Jun 2021 06:47:25 GMT">
  <testcase classname="Module2.CheckTitle" name="CheckTitle" time="5.160"/>
</testsuite> <!-- Module2.CheckTitle -->
