<?xml version="1.0" encoding="UTF-8"?>
<!-- Generated by org.testng.reporters.JUnitReportReporter -->
<testsuite hostname="QT-INBG-LT0897" failures="0" tests="1" name="Module1.CheckTitle" time="14.439" errors="0" timestamp="11 Jun 2021 02:32:21 GMT">
  <testcase classname="Module1.CheckTitle" name="CheckTitle" time="14.439"/>
</testsuite> <!-- Module1.CheckTitle -->
