<?xml version="1.0" encoding="UTF-8"?>
<!-- Generated by org.testng.reporters.JUnitReportReporter -->
<testsuite hostname="QT-INBG-LT0897" failures="0" tests="5" name="store_Testcase.Store_404" time="311.560" errors="0" timestamp="24 Jun 2021 11:55:36 GMT">
  <testcase classname="store_Testcase.Store_404" name="cart" time="68.402"/>
  <testcase classname="store_Testcase.Store_404" name="cart" time="69.836"/>
  <testcase classname="store_Testcase.Store_404" name="cart" time="68.130"/>
  <testcase classname="store_Testcase.Store_404" name="cart" time="36.307"/>
  <testcase classname="store_Testcase.Store_404" name="cart" time="68.885"/>
</testsuite> <!-- store_Testcase.Store_404 -->
