<?xml version="1.0" encoding="UTF-8"?>
<!-- Generated by org.testng.reporters.JUnitReportReporter -->
<testsuite hostname="QT-INBG-LT0897" failures="0" tests="3" name="Module1.Functionality1" time="0.019" errors="0" timestamp="3 Jun 2021 19:35:50 GMT">
  <testcase classname="Module1.Functionality1" name="functionality1Test2" time="0.009"/>
  <testcase classname="Module1.Functionality1" name="functionality1Test1" time="0.009"/>
  <testcase classname="Module1.Functionality1" name="functionality1Test3" time="0.001"/>
</testsuite> <!-- Module1.Functionality1 -->
