<?xml version="1.0" encoding="UTF-8"?>
<!-- Generated by org.testng.reporters.JUnitReportReporter -->
<testsuite hostname="QT-INBG-LT0897" failures="0" tests="6" name="store_Testcase.CategoryTC" time="56.846" errors="0" timestamp="16 Jul 2021 06:17:42 GMT">
  <testcase classname="store_Testcase.CategoryTC" name="categoryInEDGE" time="14.331"/>
  <testcase classname="store_Testcase.CategoryTC" name="categoryInChrome" time="6.671"/>
  <testcase classname="store_Testcase.CategoryTC" name="categoryInEDGE" time="13.730"/>
  <testcase classname="store_Testcase.CategoryTC" name="categoryInChrome" time="3.446"/>
  <testcase classname="store_Testcase.CategoryTC" name="categoryInChrome" time="5.394"/>
  <testcase classname="store_Testcase.CategoryTC" name="categoryInEDGE" time="13.274"/>
</testsuite> <!-- store_Testcase.CategoryTC -->
