<?xml version="1.0" encoding="UTF-8"?>
<!-- Generated by org.testng.reporters.JUnitReportReporter -->
<testsuite hostname="QT-INBG-LT0897" failures="0" tests="1" name="Module4.FindKudosSearch" time="9.099" errors="0" timestamp="4 Jun 2021 06:55:57 GMT">
  <testcase classname="Module4.FindKudosSearch" name="findkudosSearch" time="9.099"/>
</testsuite> <!-- Module4.FindKudosSearch -->
