<?xml version="1.0" encoding="UTF-8"?>
<!-- Generated by org.testng.reporters.JUnitReportReporter -->
<testsuite hostname="QT-INBG-LT0897" failures="0" tests="1" name="Module4.SearchKudos" time="23.049" errors="0" timestamp="4 Jun 2021 07:13:00 GMT">
  <testcase classname="Module4.SearchKudos" name="searchKudos" time="23.049"/>
</testsuite> <!-- Module4.SearchKudos -->
