<?xml version="1.0" encoding="UTF-8"?>
<!-- Generated by org.testng.reporters.JUnitReportReporter -->
<testsuite hostname="QT-INBG-LT0897" failures="0" tests="1" name="Module6.KudosFrmMe" time="14.207" errors="0" timestamp="4 Jun 2021 07:32:46 GMT">
  <testcase classname="Module6.KudosFrmMe" name="kudosFrmMe" time="14.207"/>
</testsuite> <!-- Module6.KudosFrmMe -->
