<?xml version="1.0" encoding="UTF-8"?>
<!-- Generated by org.testng.reporters.JUnitReportReporter -->
<testsuite hostname="QT-INBG-LT0897" failures="0" tests="1" name="googlesearchcount.Search_count" time="7.624" errors="0" timestamp="4 Jun 2021 05:56:42 GMT">
  <testcase classname="googlesearchcount.Search_count" name="resultcount" time="7.624"/>
</testsuite> <!-- googlesearchcount.Search_count -->
