<?xml version="1.0" encoding="UTF-8"?>
<!-- Generated by org.testng.reporters.JUnitReportReporter -->
<testsuite hostname="QT-INBG-LT0897" failures="0" tests="1" name="Module2.Checkusername" time="8.892" errors="0" timestamp="4 Jun 2021 06:49:08 GMT">
  <testcase classname="Module2.Checkusername" name="checkUsername" time="8.892"/>
</testsuite> <!-- Module2.Checkusername -->
