<?xml version="1.0" encoding="UTF-8"?>
<!-- Generated by org.testng.reporters.JUnitReportReporter -->
<testsuite hostname="QT-INBG-LT0897" failures="0" tests="1" name="Module1.HomepageCheck" time="4.836" errors="0" timestamp="4 Jun 2021 12:20:21 GMT">
  <testcase classname="Module1.HomepageCheck" name="checkhomepage" time="4.836"/>
</testsuite> <!-- Module1.HomepageCheck -->
