<?xml version="1.0" encoding="UTF-8"?>
<!-- Generated by org.testng.reporters.JUnitReportReporter -->
<testsuite hostname="QT-INBG-LT0897" failures="0" tests="1" name="Module6.KudosSent2me" time="12.094" errors="0" timestamp="4 Jun 2021 11:48:08 GMT">
  <testcase classname="Module6.KudosSent2me" name="kudossent2me" time="12.094"/>
</testsuite> <!-- Module6.KudosSent2me -->
